18:59:11 INFO  manager.ApplicationManager - Tests start on Chrome
18:59:16 INFO  TestBase - Method registrationNegativeLastNameIsEmpty is started
18:59:16 INFO  manager.WebDriverListener - Start searching element ---> By.xpath: //a[.=' Logout ']
18:59:21 INFO  manager.WebDriverListener - Element with locator ---> By.xpath: //a[.=' Logout '] is found
18:59:21 INFO  manager.TestNgListener - Test starts registrationNegativeLastNameIsEmpty invoked
18:59:21 INFO  manager.WebDriverListener - Start searching element ---> By.xpath: //*[.=' Sign up ']
18:59:21 INFO  manager.WebDriverListener - Element with locator ---> By.xpath: //*[.=' Sign up '] is found
18:59:23 INFO  manager.WebDriverListener - Start searching element ---> By.xpath: //input[@id='name']
18:59:23 INFO  manager.WebDriverListener - Element with locator ---> By.xpath: //input[@id='name'] is found
18:59:24 INFO  manager.WebDriverListener - Start searching element ---> By.xpath: //input[@id='lastName']
18:59:24 INFO  manager.WebDriverListener - Element with locator ---> By.xpath: //input[@id='lastName'] is found
18:59:25 INFO  manager.WebDriverListener - Start searching element ---> By.xpath: //input[@id='email']
18:59:25 INFO  manager.WebDriverListener - Element with locator ---> By.xpath: //input[@id='email'] is found
18:59:25 INFO  manager.WebDriverListener - Start searching element ---> By.xpath: //input[@id='password']
18:59:25 INFO  manager.WebDriverListener - Element with locator ---> By.xpath: //input[@id='password'] is found
18:59:27 INFO  manager.WebDriverListener - Start searching element ---> By.xpath: //*[text()=' Last name is required ']
18:59:27 INFO  manager.WebDriverListener - Element with locator ---> By.xpath: //*[text()=' Last name is required '] is found
18:59:27 INFO  manager.TestNgListener - Test registrationNegativeLastNameIsEmpty successful
18:59:27 INFO  TestBase - ================================
18:59:27 INFO  TestBase - Method registrationNegativeNameIsEmpty is started
18:59:27 INFO  manager.WebDriverListener - Start searching element ---> By.xpath: //a[.=' Logout ']
18:59:32 INFO  manager.WebDriverListener - Element with locator ---> By.xpath: //a[.=' Logout '] is found
18:59:32 INFO  manager.TestNgListener - Test starts registrationNegativeNameIsEmpty invoked
18:59:32 INFO  manager.WebDriverListener - Start searching element ---> By.xpath: //*[.=' Sign up ']
18:59:32 INFO  manager.WebDriverListener - Element with locator ---> By.xpath: //*[.=' Sign up '] is found
18:59:33 INFO  manager.WebDriverListener - Start searching element ---> By.xpath: //input[@id='name']
18:59:33 INFO  manager.WebDriverListener - Element with locator ---> By.xpath: //input[@id='name'] is found
18:59:34 INFO  manager.WebDriverListener - Start searching element ---> By.xpath: //input[@id='name']
18:59:34 INFO  manager.WebDriverListener - Element with locator ---> By.xpath: //input[@id='name'] is found
18:59:34 INFO  manager.WebDriverListener - Start searching element ---> By.xpath: //input[@id='lastName']
18:59:34 INFO  manager.WebDriverListener - Element with locator ---> By.xpath: //input[@id='lastName'] is found
18:59:34 INFO  manager.WebDriverListener - Start searching element ---> By.xpath: //input[@id='email']
18:59:34 INFO  manager.WebDriverListener - Element with locator ---> By.xpath: //input[@id='email'] is found
18:59:34 INFO  manager.WebDriverListener - Start searching element ---> By.xpath: //input[@id='password']
18:59:34 INFO  manager.WebDriverListener - Element with locator ---> By.xpath: //input[@id='password'] is found
18:59:35 INFO  manager.WebDriverListener - Start searching element ---> By.xpath: //*[text()=' Name is required ']
18:59:40 INFO  manager.WebDriverListener - Element with locator ---> By.xpath: //*[text()=' Name is required '] is found
18:59:40 INFO  manager.TestNgListener - Test registrationNegativeNameIsEmpty failed java.lang.AssertionError: expected [true] but found [false]
18:59:40 INFO  TestBase - ================================
18:59:40 INFO  TestBase - Method registrationNegativeWrongEmail is started
18:59:40 INFO  manager.WebDriverListener - Start searching element ---> By.xpath: //a[.=' Logout ']
18:59:45 INFO  manager.WebDriverListener - Element with locator ---> By.xpath: //a[.=' Logout '] is found
18:59:45 INFO  manager.TestNgListener - Test starts registrationNegativeWrongEmail invoked
18:59:45 INFO  manager.WebDriverListener - Start searching element ---> By.xpath: //*[.=' Sign up ']
18:59:45 INFO  manager.WebDriverListener - Element with locator ---> By.xpath: //*[.=' Sign up '] is found
18:59:46 INFO  manager.WebDriverListener - Start searching element ---> By.xpath: //input[@id='name']
18:59:46 INFO  manager.WebDriverListener - Element with locator ---> By.xpath: //input[@id='name'] is found
18:59:47 INFO  manager.WebDriverListener - Start searching element ---> By.xpath: //input[@id='lastName']
18:59:47 INFO  manager.WebDriverListener - Element with locator ---> By.xpath: //input[@id='lastName'] is found
18:59:47 INFO  manager.WebDriverListener - Start searching element ---> By.xpath: //input[@id='email']
18:59:47 INFO  manager.WebDriverListener - Element with locator ---> By.xpath: //input[@id='email'] is found
18:59:47 INFO  manager.WebDriverListener - Start searching element ---> By.xpath: //input[@id='password']
18:59:47 INFO  manager.WebDriverListener - Element with locator ---> By.xpath: //input[@id='password'] is found
18:59:47 INFO  manager.WebDriverListener - Start searching element ---> By.xpath: //*[text()='Wrong email format']
18:59:47 INFO  manager.WebDriverListener - Element with locator ---> By.xpath: //*[text()='Wrong email format'] is found
18:59:47 INFO  manager.TestNgListener - Test registrationNegativeWrongEmail successful
18:59:47 INFO  TestBase - ================================
18:59:47 INFO  TestBase - Method registrationNegativeWrongPassword is started
18:59:47 INFO  manager.WebDriverListener - Start searching element ---> By.xpath: //a[.=' Logout ']
18:59:50 INFO  manager.WebDriverListener - Element with locator ---> By.xpath: //a[.=' Logout '] is found
18:59:50 INFO  manager.TestNgListener - Test starts registrationNegativeWrongPassword invoked
18:59:50 INFO  manager.WebDriverListener - Start searching element ---> By.xpath: //*[.=' Sign up ']
18:59:50 INFO  manager.WebDriverListener -  - - - Something went wrong! - - - 
18:59:50 INFO  manager.WebDriverListener - no such window: target window already closed
from unknown error: web view not found
  (Session info: chrome=115.0.5790.114)
Build info: version: '3.141.59', revision: 'e82be7d358', time: '2018-11-14T08:17:03'
System info: host: 'MacBook-Pro-mac.lan', ip: '2a0d:6fc2:4040:2000:3547:613c:61d6:147e%en0', os.name: 'Mac OS X', os.arch: 'x86_64', os.version: '12.6.8', java.version: '1.8.0_333'
Driver info: org.openqa.selenium.chrome.ChromeDriver
Capabilities {acceptInsecureCerts: false, browserName: chrome, browserVersion: 115.0.5790.114, chrome: {chromedriverVersion: 115.0.5790.170 (cc0d30c2ca5..., userDataDir: /var/folders/sf/ndkwk__53ln...}, goog:chromeOptions: {debuggerAddress: localhost:58302}, javascriptEnabled: true, networkConnectionEnabled: false, pageLoadStrategy: normal, platform: MAC, platformName: MAC, proxy: Proxy(), setWindowRect: true, strictFileInteractability: false, timeouts: {implicit: 0, pageLoad: 300000, script: 30000}, unhandledPromptBehavior: dismiss and notify, webauthn:extension:credBlob: true, webauthn:extension:largeBlob: true, webauthn:extension:minPinLength: true, webauthn:extension:prf: true, webauthn:virtualAuthenticators: true}
Session ID: e6503dab73b549b3af4dbf00a9abcbf0
*** Element info: {Using=xpath, value=//*[.=' Sign up ']}
18:59:50 INFO  manager.TestNgListener - Test registrationNegativeWrongPassword failed org.openqa.selenium.NoSuchWindowException: no such window: target window already closed
from unknown error: web view not found
  (Session info: chrome=115.0.5790.114)
Build info: version: '3.141.59', revision: 'e82be7d358', time: '2018-11-14T08:17:03'
System info: host: 'MacBook-Pro-mac.lan', ip: '2a0d:6fc2:4040:2000:3547:613c:61d6:147e%en0', os.name: 'Mac OS X', os.arch: 'x86_64', os.version: '12.6.8', java.version: '1.8.0_333'
Driver info: org.openqa.selenium.chrome.ChromeDriver
Capabilities {acceptInsecureCerts: false, browserName: chrome, browserVersion: 115.0.5790.114, chrome: {chromedriverVersion: 115.0.5790.170 (cc0d30c2ca5..., userDataDir: /var/folders/sf/ndkwk__53ln...}, goog:chromeOptions: {debuggerAddress: localhost:58302}, javascriptEnabled: true, networkConnectionEnabled: false, pageLoadStrategy: normal, platform: MAC, platformName: MAC, proxy: Proxy(), setWindowRect: true, strictFileInteractability: false, timeouts: {implicit: 0, pageLoad: 300000, script: 30000}, unhandledPromptBehavior: dismiss and notify, webauthn:extension:credBlob: true, webauthn:extension:largeBlob: true, webauthn:extension:minPinLength: true, webauthn:extension:prf: true, webauthn:virtualAuthenticators: true}
Session ID: e6503dab73b549b3af4dbf00a9abcbf0
18:59:50 INFO  TestBase - ================================
